0 info it worked if it ends with ok
1 verbose cli [ 'C:\\Program Files\\nodejs\\node.exe',
1 verbose cli   'C:\\Users\\1266\\AppData\\Roaming\\npm\\node_modules\\npm\\bin\\npm-cli.js',
1 verbose cli   'run',
1 verbose cli   'dev' ]
2 info using npm@3.10.7
3 info using node@v6.5.0
4 verbose run-script [ 'predev', 'dev', 'postdev' ]
5 info lifecycle simple-react-boilerplate@1.0.0~predev: simple-react-boilerplate@1.0.0
6 silly lifecycle simple-react-boilerplate@1.0.0~predev: no script for predev, continuing
7 info lifecycle simple-react-boilerplate@1.0.0~dev: simple-react-boilerplate@1.0.0
8 verbose lifecycle simple-react-boilerplate@1.0.0~dev: unsafe-perm in lifecycle true
9 verbose lifecycle simple-react-boilerplate@1.0.0~dev: PATH: C:\Users\1266\AppData\Roaming\npm\node_modules\npm\bin\node-gyp-bin;D:\LEARN\mf-react-boilerplate\node_modules\.bin;C:\ProgramData\Oracle\Java\javapath;C:\Program Files (x86)\Intel\iCLS Client\;C:\Program Files\Intel\iCLS Client\;C:\WINDOWS\system32;C:\WINDOWS;C:\WINDOWS\System32\Wbem;C:\WINDOWS\System32\WindowsPowerShell\v1.0\;C:\Program Files\Git\cmd;C:\Program Files (x86)\Skype\Phone\;C:\Program Files (x86)\Intel\Intel(R) Management Engine Components\DAL;C:\Program Files\Intel\Intel(R) Management Engine Components\DAL;C:\Program Files (x86)\Intel\Intel(R) Management Engine Components\IPT;C:\Program Files\Intel\Intel(R) Management Engine Components\IPT;C:\ProgramData\chocolatey\bin;C:\Program Files\nodejs\;C:\Ruby22-x64\bin;C:\Users\1266\AppData\Roaming\npm;C:\Users\1266\AppData\Local\atom\bin;%USERPROFILE%\AppData\Local\Microsoft\WindowsApps;
10 verbose lifecycle simple-react-boilerplate@1.0.0~dev: CWD: D:\LEARN\mf-react-boilerplate
11 silly lifecycle simple-react-boilerplate@1.0.0~dev: Args: [ '/d /s /c', 'node server' ]
12 silly lifecycle simple-react-boilerplate@1.0.0~dev: Returned: code: 1  signal: null
13 info lifecycle simple-react-boilerplate@1.0.0~dev: Failed to exec dev script
14 verbose stack Error: simple-react-boilerplate@1.0.0 dev: `node server`
14 verbose stack Exit status 1
14 verbose stack     at EventEmitter.<anonymous> (C:\Users\1266\AppData\Roaming\npm\node_modules\npm\lib\utils\lifecycle.js:255:16)
14 verbose stack     at emitTwo (events.js:106:13)
14 verbose stack     at EventEmitter.emit (events.js:191:7)
14 verbose stack     at ChildProcess.<anonymous> (C:\Users\1266\AppData\Roaming\npm\node_modules\npm\lib\utils\spawn.js:40:14)
14 verbose stack     at emitTwo (events.js:106:13)
14 verbose stack     at ChildProcess.emit (events.js:191:7)
14 verbose stack     at maybeClose (internal/child_process.js:877:16)
14 verbose stack     at Process.ChildProcess._handle.onexit (internal/child_process.js:226:5)
15 verbose pkgid simple-react-boilerplate@1.0.0
16 verbose cwd D:\LEARN\mf-react-boilerplate
17 error Windows_NT 10.0.14393
18 error argv "C:\\Program Files\\nodejs\\node.exe" "C:\\Users\\1266\\AppData\\Roaming\\npm\\node_modules\\npm\\bin\\npm-cli.js" "run" "dev"
19 error node v6.5.0
20 error npm  v3.10.7
21 error code ELIFECYCLE
22 error simple-react-boilerplate@1.0.0 dev: `node server`
22 error Exit status 1
23 error Failed at the simple-react-boilerplate@1.0.0 dev script 'node server'.
23 error Make sure you have the latest version of node.js and npm installed.
23 error If you do, this is most likely a problem with the simple-react-boilerplate package,
23 error not with npm itself.
23 error Tell the author that this fails on your system:
23 error     node server
23 error You can get information on how to open an issue for this project with:
23 error     npm bugs simple-react-boilerplate
23 error Or if that isn't available, you can get their info via:
23 error     npm owner ls simple-react-boilerplate
23 error There is likely additional logging output above.
24 verbose exit [ 1, true ]
